[debug] [2020-11-03T01:18:38.460Z] ----------------------------------------------------------------------
[debug] [2020-11-03T01:18:38.462Z] Command:       /usr/local/bin/node /usr/local/bin/firebase init
[debug] [2020-11-03T01:18:38.463Z] CLI Version:   8.14.1
[debug] [2020-11-03T01:18:38.463Z] Platform:      darwin
[debug] [2020-11-03T01:18:38.463Z] Node Version:  v12.9.0
[debug] [2020-11-03T01:18:38.464Z] Time:          Mon Nov 02 2020 19:18:38 GMT-0600 (Central Standard Time)
[debug] [2020-11-03T01:18:38.464Z] ----------------------------------------------------------------------
[debug] [2020-11-03T01:18:38.464Z] 
[debug] [2020-11-03T01:18:38.471Z] > command requires scopes: ["email","openid","https://www.googleapis.com/auth/cloudplatformprojects.readonly","https://www.googleapis.com/auth/firebase","https://www.googleapis.com/auth/cloud-platform"]
[debug] [2020-11-03T01:18:38.472Z] > authorizing via signed-in user
[info] 
     ######## #### ########  ######## ########     ###     ######  ########
     ##        ##  ##     ## ##       ##     ##  ##   ##  ##       ##
     ######    ##  ########  ######   ########  #########  ######  ######
     ##        ##  ##    ##  ##       ##     ## ##     ##       ## ##
     ##       #### ##     ## ######## ########  ##     ##  ######  ########

You're about to initialize a Firebase project in this directory:

  /Users/natasha/Desktop/ATXHomeless183/tempSite

[info] 
=== Project Setup
[info] 
[info] First, let's associate this project directory with a Firebase project.
[info] You can create multiple project aliases by running firebase use --add, 
[info] but for now we'll just set up a default project.
[info] 
[info] i  If you want to create a project in a Google Cloud organization or folder, please use "firebase projects:create" instead, and return to this command when you've created the project. 
[debug] [2020-11-03T01:19:08.441Z] >>> HTTP REQUEST POST https://cloudresourcemanager.googleapis.com/v1/projects  
 {"projectId":"maximizinghope","name":"maximizinghope"}
[debug] [2020-11-03T01:19:08.852Z] <<< HTTP RESPONSE 200 {"content-type":"application/json; charset=UTF-8","vary":"X-Origin, Referer, Origin,Accept-Encoding","date":"Tue, 03 Nov 2020 01:19:08 GMT","server":"ESF","cache-control":"private","x-xss-protection":"0","x-frame-options":"SAMEORIGIN","x-content-type-options":"nosniff","server-timing":"gfet4t7; dur=290","alt-svc":"h3-Q050=\":443\"; ma=2592000,h3-29=\":443\"; ma=2592000,h3-T051=\":443\"; ma=2592000,h3-T050=\":443\"; ma=2592000,h3-Q046=\":443\"; ma=2592000,h3-Q043=\":443\"; ma=2592000,quic=\":443\"; ma=2592000; v=\"46,43\"","accept-ranges":"none","transfer-encoding":"chunked"}
[debug] [2020-11-03T01:19:08.855Z] >>> HTTP REQUEST GET https://cloudresourcemanager.googleapis.com/v1/operations/cp.5881242571264170180  
 
[debug] [2020-11-03T01:19:09.177Z] <<< HTTP RESPONSE 200 {"content-type":"application/json; charset=UTF-8","vary":"X-Origin, Referer, Origin,Accept-Encoding","date":"Tue, 03 Nov 2020 01:19:09 GMT","server":"ESF","cache-control":"private","x-xss-protection":"0","x-frame-options":"SAMEORIGIN","x-content-type-options":"nosniff","server-timing":"gfet4t7; dur=264","alt-svc":"h3-Q050=\":443\"; ma=2592000,h3-29=\":443\"; ma=2592000,h3-T051=\":443\"; ma=2592000,h3-T050=\":443\"; ma=2592000,h3-Q046=\":443\"; ma=2592000,h3-Q043=\":443\"; ma=2592000,quic=\":443\"; ma=2592000; v=\"46,43\"","accept-ranges":"none","transfer-encoding":"chunked"}
[debug] [2020-11-03T01:19:09.679Z] [Project Creation Poller] Retrying task index 0
[debug] [2020-11-03T01:19:09.680Z] >>> HTTP REQUEST GET https://cloudresourcemanager.googleapis.com/v1/operations/cp.5881242571264170180  
 
[debug] [2020-11-03T01:19:10.038Z] <<< HTTP RESPONSE 200 {"content-type":"application/json; charset=UTF-8","vary":"X-Origin, Referer, Origin,Accept-Encoding","date":"Tue, 03 Nov 2020 01:19:10 GMT","server":"ESF","cache-control":"private","x-xss-protection":"0","x-frame-options":"SAMEORIGIN","x-content-type-options":"nosniff","server-timing":"gfet4t7; dur=302","alt-svc":"h3-Q050=\":443\"; ma=2592000,h3-29=\":443\"; ma=2592000,h3-T051=\":443\"; ma=2592000,h3-T050=\":443\"; ma=2592000,h3-Q046=\":443\"; ma=2592000,h3-Q043=\":443\"; ma=2592000,quic=\":443\"; ma=2592000; v=\"46,43\"","accept-ranges":"none","transfer-encoding":"chunked"}
[debug] [2020-11-03T01:19:11.043Z] [Project Creation Poller] Retrying task index 0
[debug] [2020-11-03T01:19:11.044Z] >>> HTTP REQUEST GET https://cloudresourcemanager.googleapis.com/v1/operations/cp.5881242571264170180  
 
[debug] [2020-11-03T01:19:11.485Z] <<< HTTP RESPONSE 200 {"content-type":"application/json; charset=UTF-8","vary":"X-Origin, Referer, Origin,Accept-Encoding","date":"Tue, 03 Nov 2020 01:19:11 GMT","server":"ESF","cache-control":"private","x-xss-protection":"0","x-frame-options":"SAMEORIGIN","x-content-type-options":"nosniff","server-timing":"gfet4t7; dur=232","alt-svc":"h3-Q050=\":443\"; ma=2592000,h3-29=\":443\"; ma=2592000,h3-T051=\":443\"; ma=2592000,h3-T050=\":443\"; ma=2592000,h3-Q046=\":443\"; ma=2592000,h3-Q043=\":443\"; ma=2592000,quic=\":443\"; ma=2592000; v=\"46,43\"","accept-ranges":"none","transfer-encoding":"chunked"}
[debug] [2020-11-03T01:19:13.491Z] [Project Creation Poller] Retrying task index 0
[debug] [2020-11-03T01:19:13.491Z] >>> HTTP REQUEST GET https://cloudresourcemanager.googleapis.com/v1/operations/cp.5881242571264170180  
 
[debug] [2020-11-03T01:19:13.913Z] <<< HTTP RESPONSE 200 {"content-type":"application/json; charset=UTF-8","vary":"X-Origin, Referer, Origin,Accept-Encoding","date":"Tue, 03 Nov 2020 01:19:13 GMT","server":"ESF","cache-control":"private","x-xss-protection":"0","x-frame-options":"SAMEORIGIN","x-content-type-options":"nosniff","server-timing":"gfet4t7; dur=370","alt-svc":"h3-Q050=\":443\"; ma=2592000,h3-29=\":443\"; ma=2592000,h3-T051=\":443\"; ma=2592000,h3-T050=\":443\"; ma=2592000,h3-Q046=\":443\"; ma=2592000,h3-Q043=\":443\"; ma=2592000,quic=\":443\"; ma=2592000; v=\"46,43\"","accept-ranges":"none","transfer-encoding":"chunked"}
[debug] [2020-11-03T01:19:17.919Z] [Project Creation Poller] Retrying task index 0
[debug] [2020-11-03T01:19:17.920Z] >>> HTTP REQUEST GET https://cloudresourcemanager.googleapis.com/v1/operations/cp.5881242571264170180  
 
[debug] [2020-11-03T01:19:18.255Z] <<< HTTP RESPONSE 200 {"content-type":"application/json; charset=UTF-8","vary":"X-Origin, Referer, Origin,Accept-Encoding","date":"Tue, 03 Nov 2020 01:19:18 GMT","server":"ESF","cache-control":"private","x-xss-protection":"0","x-frame-options":"SAMEORIGIN","x-content-type-options":"nosniff","server-timing":"gfet4t7; dur=279","alt-svc":"h3-Q050=\":443\"; ma=2592000,h3-29=\":443\"; ma=2592000,h3-T051=\":443\"; ma=2592000,h3-T050=\":443\"; ma=2592000,h3-Q046=\":443\"; ma=2592000,h3-Q043=\":443\"; ma=2592000,quic=\":443\"; ma=2592000; v=\"46,43\"","accept-ranges":"none","transfer-encoding":"chunked"}
[debug] [2020-11-03T01:19:18.352Z] FirebaseError: Callers must accept Terms of Service
    at OperationPoller.<anonymous> (/Users/natasha/.config/yarn/global/node_modules/firebase-tools/lib/operation-poller.js:33:23)
    at Generator.next (<anonymous>)
    at fulfilled (/Users/natasha/.config/yarn/global/node_modules/firebase-tools/lib/operation-poller.js:5:58)
    at processTicksAndRejections (internal/process/task_queues.js:85:5)
[error] 
[error] Error: Failed to create project. See firebase-debug.log for more info.
[debug] [2020-11-03T01:22:32.467Z] ----------------------------------------------------------------------
[debug] [2020-11-03T01:22:32.470Z] Command:       /usr/local/bin/node /usr/local/bin/firebase init
[debug] [2020-11-03T01:22:32.470Z] CLI Version:   8.14.1
[debug] [2020-11-03T01:22:32.470Z] Platform:      darwin
[debug] [2020-11-03T01:22:32.470Z] Node Version:  v12.9.0
[debug] [2020-11-03T01:22:32.478Z] Time:          Mon Nov 02 2020 19:22:32 GMT-0600 (Central Standard Time)
[debug] [2020-11-03T01:22:32.478Z] ----------------------------------------------------------------------
[debug] [2020-11-03T01:22:32.478Z] 
[debug] [2020-11-03T01:22:32.488Z] > command requires scopes: ["email","openid","https://www.googleapis.com/auth/cloudplatformprojects.readonly","https://www.googleapis.com/auth/firebase","https://www.googleapis.com/auth/cloud-platform"]
[debug] [2020-11-03T01:22:32.488Z] > authorizing via signed-in user
[info] 
     ######## #### ########  ######## ########     ###     ######  ########
     ##        ##  ##     ## ##       ##     ##  ##   ##  ##       ##
     ######    ##  ########  ######   ########  #########  ######  ######
     ##        ##  ##    ##  ##       ##     ## ##     ##       ## ##
     ##       #### ##     ## ######## ########  ##     ##  ######  ########

You're about to initialize a Firebase project in this directory:

  /Users/natasha/Desktop/ATXHomeless183/tempSite

[info] 
=== Project Setup
[info] 
[info] First, let's associate this project directory with a Firebase project.
[info] You can create multiple project aliases by running firebase use --add, 
[info] but for now we'll just set up a default project.
[info] 
[info] i  If you want to create a project in a Google Cloud organization or folder, please use "firebase projects:create" instead, and return to this command when you've created the project. 
[debug] [2020-11-03T01:22:48.676Z] >>> HTTP REQUEST POST https://cloudresourcemanager.googleapis.com/v1/projects  
 {"projectId":"maximizinghope","name":"maximizinghope"}
[debug] [2020-11-03T01:22:49.300Z] <<< HTTP RESPONSE 200 {"content-type":"application/json; charset=UTF-8","vary":"X-Origin, Referer, Origin,Accept-Encoding","date":"Tue, 03 Nov 2020 01:22:49 GMT","server":"ESF","cache-control":"private","x-xss-protection":"0","x-frame-options":"SAMEORIGIN","x-content-type-options":"nosniff","server-timing":"gfet4t7; dur=207","alt-svc":"h3-Q050=\":443\"; ma=2592000,h3-29=\":443\"; ma=2592000,h3-T051=\":443\"; ma=2592000,h3-T050=\":443\"; ma=2592000,h3-Q046=\":443\"; ma=2592000,h3-Q043=\":443\"; ma=2592000,quic=\":443\"; ma=2592000; v=\"46,43\"","accept-ranges":"none","transfer-encoding":"chunked"}
[debug] [2020-11-03T01:22:49.304Z] >>> HTTP REQUEST GET https://cloudresourcemanager.googleapis.com/v1/operations/cp.6098154313242461186  
 
[debug] [2020-11-03T01:22:49.572Z] <<< HTTP RESPONSE 200 {"content-type":"application/json; charset=UTF-8","vary":"X-Origin, Referer, Origin,Accept-Encoding","date":"Tue, 03 Nov 2020 01:22:49 GMT","server":"ESF","cache-control":"private","x-xss-protection":"0","x-frame-options":"SAMEORIGIN","x-content-type-options":"nosniff","server-timing":"gfet4t7; dur=216","alt-svc":"h3-Q050=\":443\"; ma=2592000,h3-29=\":443\"; ma=2592000,h3-T051=\":443\"; ma=2592000,h3-T050=\":443\"; ma=2592000,h3-Q046=\":443\"; ma=2592000,h3-Q043=\":443\"; ma=2592000,quic=\":443\"; ma=2592000; v=\"46,43\"","accept-ranges":"none","transfer-encoding":"chunked"}
[debug] [2020-11-03T01:22:50.073Z] [Project Creation Poller] Retrying task index 0
[debug] [2020-11-03T01:22:50.074Z] >>> HTTP REQUEST GET https://cloudresourcemanager.googleapis.com/v1/operations/cp.6098154313242461186  
 
[debug] [2020-11-03T01:22:50.390Z] <<< HTTP RESPONSE 200 {"content-type":"application/json; charset=UTF-8","vary":"X-Origin, Referer, Origin,Accept-Encoding","date":"Tue, 03 Nov 2020 01:22:50 GMT","server":"ESF","cache-control":"private","x-xss-protection":"0","x-frame-options":"SAMEORIGIN","x-content-type-options":"nosniff","server-timing":"gfet4t7; dur=264","alt-svc":"h3-Q050=\":443\"; ma=2592000,h3-29=\":443\"; ma=2592000,h3-T051=\":443\"; ma=2592000,h3-T050=\":443\"; ma=2592000,h3-Q046=\":443\"; ma=2592000,h3-Q043=\":443\"; ma=2592000,quic=\":443\"; ma=2592000; v=\"46,43\"","accept-ranges":"none","transfer-encoding":"chunked"}
[debug] [2020-11-03T01:22:51.390Z] [Project Creation Poller] Retrying task index 0
[debug] [2020-11-03T01:22:51.391Z] >>> HTTP REQUEST GET https://cloudresourcemanager.googleapis.com/v1/operations/cp.6098154313242461186  
 
[debug] [2020-11-03T01:22:51.713Z] <<< HTTP RESPONSE 200 {"content-type":"application/json; charset=UTF-8","vary":"X-Origin, Referer, Origin,Accept-Encoding","date":"Tue, 03 Nov 2020 01:22:51 GMT","server":"ESF","cache-control":"private","x-xss-protection":"0","x-frame-options":"SAMEORIGIN","x-content-type-options":"nosniff","server-timing":"gfet4t7; dur=262","alt-svc":"h3-Q050=\":443\"; ma=2592000,h3-29=\":443\"; ma=2592000,h3-T051=\":443\"; ma=2592000,h3-T050=\":443\"; ma=2592000,h3-Q046=\":443\"; ma=2592000,h3-Q043=\":443\"; ma=2592000,quic=\":443\"; ma=2592000; v=\"46,43\"","accept-ranges":"none","transfer-encoding":"chunked"}
[debug] [2020-11-03T01:22:53.716Z] [Project Creation Poller] Retrying task index 0
[debug] [2020-11-03T01:22:53.717Z] >>> HTTP REQUEST GET https://cloudresourcemanager.googleapis.com/v1/operations/cp.6098154313242461186  
 
[debug] [2020-11-03T01:22:54.085Z] <<< HTTP RESPONSE 200 {"content-type":"application/json; charset=UTF-8","vary":"X-Origin, Referer, Origin,Accept-Encoding","date":"Tue, 03 Nov 2020 01:22:54 GMT","server":"ESF","cache-control":"private","x-xss-protection":"0","x-frame-options":"SAMEORIGIN","x-content-type-options":"nosniff","server-timing":"gfet4t7; dur=290","alt-svc":"h3-Q050=\":443\"; ma=2592000,h3-29=\":443\"; ma=2592000,h3-T051=\":443\"; ma=2592000,h3-T050=\":443\"; ma=2592000,h3-Q046=\":443\"; ma=2592000,h3-Q043=\":443\"; ma=2592000,quic=\":443\"; ma=2592000; v=\"46,43\"","accept-ranges":"none","transfer-encoding":"chunked"}
[debug] [2020-11-03T01:22:54.088Z] >>> HTTP REQUEST POST https://firebase.googleapis.com/v1beta1/projects/maximizinghope:addFirebase  
 
[debug] [2020-11-03T01:22:54.542Z] <<< HTTP RESPONSE 403 {"vary":"X-Origin, Referer, Origin,Accept-Encoding","content-type":"application/json; charset=UTF-8","date":"Tue, 03 Nov 2020 01:22:54 GMT","server":"ESF","cache-control":"private","x-xss-protection":"0","x-frame-options":"SAMEORIGIN","x-content-type-options":"nosniff","alt-svc":"h3-Q050=\":443\"; ma=2592000,h3-29=\":443\"; ma=2592000,h3-T051=\":443\"; ma=2592000,h3-T050=\":443\"; ma=2592000,h3-Q046=\":443\"; ma=2592000,h3-Q043=\":443\"; ma=2592000,quic=\":443\"; ma=2592000; v=\"46,43\"","accept-ranges":"none","transfer-encoding":"chunked"}
[debug] [2020-11-03T01:22:54.542Z] <<< HTTP RESPONSE BODY {"error":{"code":403,"message":"The caller does not have permission","status":"PERMISSION_DENIED"}}
[debug] [2020-11-03T01:22:54.547Z] HTTP Error: 403, The caller does not have permission
[debug] [2020-11-03T01:22:54.628Z] FirebaseError: HTTP Error: 403, The caller does not have permission
    at module.exports (/Users/natasha/.config/yarn/global/node_modules/firebase-tools/lib/responseToError.js:38:12)
    at Request._callback (/Users/natasha/.config/yarn/global/node_modules/firebase-tools/lib/api.js:41:35)
    at Request.self.callback (/Users/natasha/.config/yarn/global/node_modules/request/request.js:185:22)
    at Request.emit (events.js:209:13)
    at Request.EventEmitter.emit (domain.js:476:20)
    at Request.<anonymous> (/Users/natasha/.config/yarn/global/node_modules/request/request.js:1154:10)
    at Request.emit (events.js:209:13)
    at Request.EventEmitter.emit (domain.js:476:20)
    at IncomingMessage.<anonymous> (/Users/natasha/.config/yarn/global/node_modules/request/request.js:1076:12)
    at Object.onceWrapper (events.js:297:20)
    at IncomingMessage.emit (events.js:214:15)
    at IncomingMessage.EventEmitter.emit (domain.js:476:20)
    at endReadableNT (_stream_readable.js:1178:12)
    at processTicksAndRejections (internal/process/task_queues.js:77:11)
[error] 
[error] Error: Failed to add Firebase to Google Cloud Platform project. See firebase-debug.log for more info.
[debug] [2020-11-04T15:18:29.543Z] ----------------------------------------------------------------------
[debug] [2020-11-04T15:18:29.549Z] Command:       /usr/local/bin/node /usr/local/bin/firebase init
[debug] [2020-11-04T15:18:29.549Z] CLI Version:   8.14.1
[debug] [2020-11-04T15:18:29.549Z] Platform:      darwin
[debug] [2020-11-04T15:18:29.550Z] Node Version:  v12.9.0
[debug] [2020-11-04T15:18:29.555Z] Time:          Wed Nov 04 2020 09:18:29 GMT-0600 (Central Standard Time)
[debug] [2020-11-04T15:18:29.555Z] ----------------------------------------------------------------------
[debug] [2020-11-04T15:18:29.555Z] 
[debug] [2020-11-04T15:18:29.574Z] > command requires scopes: ["email","openid","https://www.googleapis.com/auth/cloudplatformprojects.readonly","https://www.googleapis.com/auth/firebase","https://www.googleapis.com/auth/cloud-platform"]
[debug] [2020-11-04T15:18:29.575Z] > authorizing via signed-in user
[info] 
     ######## #### ########  ######## ########     ###     ######  ########
     ##        ##  ##     ## ##       ##     ##  ##   ##  ##       ##
     ######    ##  ########  ######   ########  #########  ######  ######
     ##        ##  ##    ##  ##       ##     ## ##     ##       ## ##
     ##       #### ##     ## ######## ########  ##     ##  ######  ########

You're about to initialize a Firebase project in this directory:

  /Users/natasha/Desktop/ATXHomeless183/tempSite

[info] 
=== Project Setup
[info] 
[info] First, let's associate this project directory with a Firebase project.
[info] You can create multiple project aliases by running firebase use --add, 
[info] but for now we'll just set up a default project.
[info] 
[info] i  If you want to create a project in a Google Cloud organization or folder, please use "firebase projects:create" instead, and return to this command when you've created the project. 
[debug] [2020-11-04T15:19:34.697Z] > refreshing access token with scopes: ["email","https://www.googleapis.com/auth/cloud-platform","https://www.googleapis.com/auth/cloudplatformprojects.readonly","https://www.googleapis.com/auth/firebase","openid"]
[debug] [2020-11-04T15:19:34.697Z] >>> HTTP REQUEST POST https://www.googleapis.com/oauth2/v3/token  
 <request body omitted>
[debug] [2020-11-04T15:19:34.855Z] <<< HTTP RESPONSE 200 {"date":"Wed, 04 Nov 2020 15:19:34 GMT","pragma":"no-cache","cache-control":"no-cache, no-store, max-age=0, must-revalidate","expires":"Mon, 01 Jan 1990 00:00:00 GMT","content-type":"application/json; charset=utf-8","vary":"X-Origin, Referer, Origin,Accept-Encoding","server":"scaffolding on HTTPServer2","x-xss-protection":"0","x-frame-options":"SAMEORIGIN","x-content-type-options":"nosniff","alt-svc":"h3-Q050=\":443\"; ma=2592000,h3-29=\":443\"; ma=2592000,h3-T051=\":443\"; ma=2592000,h3-T050=\":443\"; ma=2592000,h3-Q046=\":443\"; ma=2592000,h3-Q043=\":443\"; ma=2592000,quic=\":443\"; ma=2592000; v=\"46,43\"","accept-ranges":"none","transfer-encoding":"chunked"}
[debug] [2020-11-04T15:19:34.870Z] >>> HTTP REQUEST POST https://cloudresourcemanager.googleapis.com/v1/projects  
 {"projectId":"MaximizingHopeTemp","name":"MaximizingHopeTemp"}
[debug] [2020-11-04T15:19:35.039Z] <<< HTTP RESPONSE 400 {"vary":"X-Origin, Referer, Origin,Accept-Encoding","content-type":"application/json; charset=UTF-8","date":"Wed, 04 Nov 2020 15:19:35 GMT","server":"ESF","cache-control":"private","x-xss-protection":"0","x-frame-options":"SAMEORIGIN","x-content-type-options":"nosniff","server-timing":"gfet4t7; dur=71","alt-svc":"h3-Q050=\":443\"; ma=2592000,h3-29=\":443\"; ma=2592000,h3-T051=\":443\"; ma=2592000,h3-T050=\":443\"; ma=2592000,h3-Q046=\":443\"; ma=2592000,h3-Q043=\":443\"; ma=2592000,quic=\":443\"; ma=2592000; v=\"46,43\"","accept-ranges":"none","transfer-encoding":"chunked"}
[debug] [2020-11-04T15:19:35.040Z] <<< HTTP RESPONSE BODY {"error":{"code":400,"message":"field [project_id] has issue [project_id contains invalid characters]","status":"INVALID_ARGUMENT","details":[{"@type":"type.googleapis.com/google.rpc.BadRequest","fieldViolations":[{"field":"project_id","description":"project_id contains invalid characters"}]},{"@type":"type.googleapis.com/google.rpc.Help","links":[{"url":"https://cloud.google.com/resource-manager/reference/rest/v1/projects"}]}]}}
[debug] [2020-11-04T15:19:35.158Z] FirebaseError: HTTP Error: 400, field [project_id] has issue [project_id contains invalid characters]
    at module.exports (/Users/natasha/.config/yarn/global/node_modules/firebase-tools/lib/responseToError.js:38:12)
    at Request._callback (/Users/natasha/.config/yarn/global/node_modules/firebase-tools/lib/api.js:41:35)
    at Request.self.callback (/Users/natasha/.config/yarn/global/node_modules/request/request.js:185:22)
    at Request.emit (events.js:209:13)
    at Request.EventEmitter.emit (domain.js:476:20)
    at Request.<anonymous> (/Users/natasha/.config/yarn/global/node_modules/request/request.js:1154:10)
    at Request.emit (events.js:209:13)
    at Request.EventEmitter.emit (domain.js:476:20)
    at IncomingMessage.<anonymous> (/Users/natasha/.config/yarn/global/node_modules/request/request.js:1076:12)
    at Object.onceWrapper (events.js:297:20)
    at IncomingMessage.emit (events.js:214:15)
    at IncomingMessage.EventEmitter.emit (domain.js:476:20)
    at endReadableNT (_stream_readable.js:1178:12)
    at processTicksAndRejections (internal/process/task_queues.js:77:11)
[error] 
[error] Error: Failed to create project. See firebase-debug.log for more info.
